2025-11-06 11:46:46.843 [background-preinit] INFO  o.h.validator.internal.util.Version - HV000001: Hibernate Validator 8.0.3.Final [req=]
2025-11-06 11:46:46.910 [restartedMain] INFO  c.l.w.WebfluxTaskManagerAppApplication - Starting WebfluxTaskManagerAppApplication using Java 17.0.16 with PID 20456 (F:\spring-boot-data-jpa-hospital-management-system-8563783c3d5fb4bad27df7790afda8d99c7bcbc4\webflux-task-manager-app\target\classes started by MARUTI in F:\spring-boot-data-jpa-hospital-management-system-8563783c3d5fb4bad27df7790afda8d99c7bcbc4\webflux-task-manager-app) [req=]
2025-11-06 11:46:46.911 [restartedMain] INFO  c.l.w.WebfluxTaskManagerAppApplication - No active profile set, falling back to 1 default profile: "default" [req=]
2025-11-06 11:46:49.327 [restartedMain] INFO  org.mongodb.driver.client - MongoClient with metadata {"driver": {"name": "mongo-java-driver|reactive-streams|spring-boot", "version": "5.5.1"}, "os": {"type": "Windows", "name": "Windows 10", "architecture": "amd64", "version": "10.0"}, "platform": "Java/Microsoft/17.0.16+8-LTS"} created with settings MongoClientSettings{readPreference=primary, writeConcern=WriteConcern{w=null, wTimeout=null ms, journal=null}, retryWrites=true, retryReads=true, readConcern=ReadConcern{level=null}, credential=null, transportSettings=NettyTransportSettings{eventLoopGroup=io.netty.channel.nio.NioEventLoopGroup@5c59f092, socketChannelClass=null, allocator=null, sslContext=null}, commandListeners=[], codecRegistry=ProvidersCodecRegistry{codecProviders=[ValueCodecProvider{}, BsonValueCodecProvider{}, DBRefCodecProvider{}, DBObjectCodecProvider{}, DocumentCodecProvider{}, CollectionCodecProvider{}, IterableCodecProvider{}, MapCodecProvider{}, GeoJsonCodecProvider{}, GridFSFileCodecProvider{}, Jsr310CodecProvider{}, JsonObjectCodecProvider{}, BsonCodecProvider{}, EnumCodecProvider{}, com.mongodb.client.model.mql.ExpressionCodecProvider@26327c53, com.mongodb.Jep395RecordCodecProvider@5c32e7f1, com.mongodb.KotlinCodecProvider@47247829]}, loggerSettings=LoggerSettings{maxDocumentLength=1000}, clusterSettings={hosts=[localhost:27017], srvServiceName=mongodb, mode=SINGLE, requiredClusterType=UNKNOWN, requiredReplicaSetName='null', serverSelector='null', clusterListeners='[]', serverSelectionTimeout='30000 ms', localThreshold='15 ms'}, socketSettings=SocketSettings{connectTimeoutMS=10000, readTimeoutMS=0, receiveBufferSize=0, proxySettings=ProxySettings{host=null, port=null, username=null, password=null}}, heartbeatSocketSettings=SocketSettings{connectTimeoutMS=10000, readTimeoutMS=10000, receiveBufferSize=0, proxySettings=ProxySettings{host=null, port=null, username=null, password=null}}, connectionPoolSettings=ConnectionPoolSettings{maxSize=100, minSize=0, maxWaitTimeMS=120000, maxConnectionLifeTimeMS=0, maxConnectionIdleTimeMS=0, maintenanceInitialDelayMS=0, maintenanceFrequencyMS=60000, connectionPoolListeners=[], maxConnecting=2}, serverSettings=ServerSettings{heartbeatFrequencyMS=10000, minHeartbeatFrequencyMS=500, serverMonitoringMode=AUTO, serverListeners='[]', serverMonitorListeners='[]'}, sslSettings=SslSettings{enabled=false, invalidHostNameAllowed=false, context=null}, applicationName='null', compressorList=[], uuidRepresentation=JAVA_LEGACY, serverApi=null, autoEncryptionSettings=null, dnsClient=null, inetAddressResolver=null, contextProvider=null, timeoutMS=null} [req=]
2025-11-06 11:46:50.092 [cluster-ClusterId{value='690c3d517b7e5b7a1061fc84', description='null'}-localhost:27017] INFO  org.mongodb.driver.cluster - Monitor thread successfully connected to server with description ServerDescription{address=localhost:27017, type=STANDALONE, cryptd=false, state=CONNECTED, ok=true, minWireVersion=0, maxWireVersion=21, maxDocumentSize=16777216, logicalSessionTimeoutMinutes=30, roundTripTimeNanos=674807100, minRoundTripTimeNanos=0} [req=]
2025-11-06 11:46:50.978 [restartedMain] INFO  c.l.w.WebfluxTaskManagerAppApplication - Started WebfluxTaskManagerAppApplication in 5.115 seconds (process running for 6.316) [req=]
2025-11-06 11:50:53.413 [nioEventLoopGroup-3-3] ERROR c.l.w.controller.WebClientController - Error while fetching products: Unable to connect to Redis [req=83c7278a-99da-40f8-97b4-1629cbb9ad85]
2025-11-06 11:50:53.445 [nioEventLoopGroup-3-3] ERROR o.s.b.a.w.r.e.AbstractErrorWebExceptionHandler - [5fa6f063-2]  500 Server Error for HTTP GET "/web/products" [req=83c7278a-99da-40f8-97b4-1629cbb9ad85]
org.springframework.data.redis.RedisConnectionFailureException: Unable to connect to Redis
	at org.springframework.data.redis.connection.lettuce.LettuceConnectionFactory$ExceptionTranslatingConnectionProvider.translateException(LettuceConnectionFactory.java:1866)
	Suppressed: reactor.core.publisher.FluxOnAssembly$OnAssemblyException: 
Error has been observed at the following site(s):
	*__checkpoint ⇢ Handler com.learnspring.webfluxtaskmanagerapp.controller.WebClientController#getProducts(String) [DispatcherHandler]
	*__checkpoint ⇢ com.learnspring.webfluxtaskmanagerapp.security.JwtAuthenticationFilter [DefaultWebFilterChain]
	*__checkpoint ⇢ com.learnspring.webfluxtaskmanagerapp.config.RequestIdWebFilter [DefaultWebFilterChain]
	*__checkpoint ⇢ org.springframework.security.web.server.authorization.AuthorizationWebFilter [DefaultWebFilterChain]
	*__checkpoint ⇢ org.springframework.security.web.server.authorization.ExceptionTranslationWebFilter [DefaultWebFilterChain]
	*__checkpoint ⇢ org.springframework.security.web.server.savedrequest.ServerRequestCacheWebFilter [DefaultWebFilterChain]
	*__checkpoint ⇢ org.springframework.security.web.server.context.SecurityContextServerWebExchangeWebFilter [DefaultWebFilterChain]
	*__checkpoint ⇢ com.learnspring.webfluxtaskmanagerapp.security.JwtAuthenticationFilter [DefaultWebFilterChain]
	*__checkpoint ⇢ org.springframework.security.web.server.context.ReactorContextWebFilter [DefaultWebFilterChain]
	*__checkpoint ⇢ org.springframework.security.web.server.header.HttpHeaderWriterWebFilter [DefaultWebFilterChain]
	*__checkpoint ⇢ org.springframework.security.config.web.server.ServerHttpSecurity$ServerWebExchangeReactorContextWebFilter [DefaultWebFilterChain]
	*__checkpoint ⇢ org.springframework.security.web.server.WebFilterChainProxy [DefaultWebFilterChain]
	*__checkpoint ⇢ HTTP GET "/web/products" [ExceptionHandlingWebHandler]
Original Stack Trace:
		at org.springframework.data.redis.connection.lettuce.LettuceConnectionFactory$ExceptionTranslatingConnectionProvider.translateException(LettuceConnectionFactory.java:1866)
		at org.springframework.data.redis.connection.lettuce.LettuceConnectionFactory$ExceptionTranslatingConnectionProvider.getConnection(LettuceConnectionFactory.java:1797)
		at org.springframework.data.redis.connection.lettuce.LettuceConnectionFactory$SharedConnection.getNativeConnection(LettuceConnectionFactory.java:1594)
		at org.springframework.data.redis.connection.lettuce.LettuceConnectionFactory$SharedConnection.lambda$getConnection$0(LettuceConnectionFactory.java:1574)
		at org.springframework.data.redis.connection.lettuce.LettuceConnectionFactory.doInLock(LettuceConnectionFactory.java:1535)
		at org.springframework.data.redis.connection.lettuce.LettuceConnectionFactory$SharedConnection.getConnection(LettuceConnectionFactory.java:1571)
		at org.springframework.data.redis.connection.lettuce.LettuceConnectionFactory.getSharedReactiveConnection(LettuceConnectionFactory.java:1282)
		at org.springframework.data.redis.connection.lettuce.LettuceConnectionFactory.getReactiveConnection(LettuceConnectionFactory.java:1157)
		at org.springframework.data.redis.connection.lettuce.LettuceConnectionFactory.getReactiveConnection(LettuceConnectionFactory.java:121)
		at org.springframework.data.redis.core.ReactiveRedisTemplate.lambda$getConnection$2(ReactiveRedisTemplate.java:273)
		at reactor.core.publisher.MonoSupplier.call(MonoSupplier.java:67)
		at reactor.core.publisher.FluxUsingWhen.subscribe(FluxUsingWhen.java:80)
		at reactor.core.publisher.Flux.subscribe(Flux.java:8891)
		at reactor.core.publisher.FluxConcatArray$ConcatArraySubscriber.onComplete(FluxConcatArray.java:238)
		at reactor.core.publisher.FluxConcatArray.subscribe(FluxConcatArray.java:79)
		at reactor.core.publisher.InternalFluxOperator.subscribe(InternalFluxOperator.java:68)
		at reactor.core.publisher.FluxDeferContextual.subscribe(FluxDeferContextual.java:57)
		at org.springframework.http.server.reactive.ChannelSendOperator.subscribe(ChannelSendOperator.java:77)
		at reactor.core.publisher.InternalMonoOperator.subscribe(InternalMonoOperator.java:76)
		at reactor.core.publisher.MonoFlatMap$FlatMapMain.onNext(MonoFlatMap.java:165)
		at reactor.core.publisher.FluxOnErrorResume$ResumeSubscriber.onNext(FluxOnErrorResume.java:79)
		at reactor.core.publisher.FluxOnErrorResume$ResumeSubscriber.onNext(FluxOnErrorResume.java:79)
		at reactor.core.publisher.FluxPeek$PeekSubscriber.onNext(FluxPeek.java:200)
		at reactor.core.publisher.MonoIgnoreThen$ThenIgnoreMain.complete(MonoIgnoreThen.java:294)
		at reactor.core.publisher.MonoIgnoreThen$ThenIgnoreMain.onNext(MonoIgnoreThen.java:188)
		at reactor.core.publisher.MonoFlatMap$FlatMapMain.onNext(MonoFlatMap.java:158)
		at reactor.core.publisher.MonoZip$ZipCoordinator.signal(MonoZip.java:297)
		at reactor.core.publisher.MonoZip$ZipInner.onNext(MonoZip.java:478)
		at reactor.core.publisher.MonoPeekTerminal$MonoTerminalPeekSubscriber.onNext(MonoPeekTerminal.java:180)
		at reactor.core.publisher.FluxDefaultIfEmpty$DefaultIfEmptySubscriber.onNext(FluxDefaultIfEmpty.java:122)
		at reactor.core.publisher.FluxSwitchIfEmpty$SwitchIfEmptySubscriber.onNext(FluxSwitchIfEmpty.java:74)
		at reactor.core.publisher.Operators$ScalarSubscription.request(Operators.java:2570)
		at reactor.core.publisher.Operators$MultiSubscriptionSubscriber.set(Operators.java:2366)
		at reactor.core.publisher.Operators$MultiSubscriptionSubscriber.onSubscribe(Operators.java:2240)
		at reactor.core.publisher.FluxFlatMap.trySubscribeScalarMap(FluxFlatMap.java:193)
		at reactor.core.publisher.MonoFlatMap.subscribeOrReturn(MonoFlatMap.java:53)
		at reactor.core.publisher.InternalMonoOperator.subscribe(InternalMonoOperator.java:63)
		at reactor.core.publisher.MonoZip$ZipCoordinator.request(MonoZip.java:220)
		at reactor.core.publisher.MonoFlatMap$FlatMapMain.request(MonoFlatMap.java:194)
		at reactor.core.publisher.MonoIgnoreThen$ThenIgnoreMain.onSubscribe(MonoIgnoreThen.java:135)
		at reactor.core.publisher.MonoFlatMap$FlatMapMain.onSubscribe(MonoFlatMap.java:117)
		at reactor.core.publisher.MonoZip.subscribe(MonoZip.java:129)
		at reactor.core.publisher.InternalMonoOperator.subscribe(InternalMonoOperator.java:76)
		at reactor.core.publisher.MonoDefer.subscribe(MonoDefer.java:53)
		at reactor.core.publisher.MonoIgnoreThen$ThenIgnoreMain.subscribeNext(MonoIgnoreThen.java:241)
		at reactor.core.publisher.MonoIgnoreThen$ThenIgnoreMain.onComplete(MonoIgnoreThen.java:204)
		at reactor.core.publisher.MonoFlatMap$FlatMapMain.onComplete(MonoFlatMap.java:189)
		at reactor.core.publisher.Operators.complete(Operators.java:137)
		at reactor.core.publisher.MonoZip.subscribe(MonoZip.java:121)
		at reactor.core.publisher.Mono.subscribe(Mono.java:4576)
		at reactor.core.publisher.MonoIgnoreThen$ThenIgnoreMain.subscribeNext(MonoIgnoreThen.java:265)
		at reactor.core.publisher.MonoIgnoreThen.subscribe(MonoIgnoreThen.java:51)
		at reactor.core.publisher.InternalMonoOperator.subscribe(InternalMonoOperator.java:76)
		at reactor.core.publisher.MonoFlatMap$FlatMapMain.onNext(MonoFlatMap.java:165)
		at reactor.core.publisher.FluxOnErrorResume$ResumeSubscriber.onNext(FluxOnErrorResume.java:79)
		at reactor.core.publisher.FluxSwitchIfEmpty$SwitchIfEmptySubscriber.onNext(FluxSwitchIfEmpty.java:74)
		at reactor.core.publisher.MonoNext$NextSubscriber.onNext(MonoNext.java:82)
		at reactor.core.publisher.FluxConcatMapNoPrefetch$FluxConcatMapNoPrefetchSubscriber.innerNext(FluxConcatMapNoPrefetch.java:259)
		at reactor.core.publisher.FluxConcatMap$ConcatMapInner.onNext(FluxConcatMap.java:865)
		at reactor.core.publisher.FluxMapFuseable$MapFuseableSubscriber.onNext(FluxMapFuseable.java:129)
		at reactor.core.publisher.MonoPeekTerminal$MonoTerminalPeekSubscriber.onNext(MonoPeekTerminal.java:180)
		at reactor.core.publisher.Operators$ScalarSubscription.request(Operators.java:2570)
		at reactor.core.publisher.MonoPeekTerminal$MonoTerminalPeekSubscriber.request(MonoPeekTerminal.java:139)
		at reactor.core.publisher.FluxMapFuseable$MapFuseableSubscriber.request(FluxMapFuseable.java:171)
		at reactor.core.publisher.Operators$MultiSubscriptionSubscriber.request(Operators.java:2330)
		at reactor.core.publisher.FluxConcatMapNoPrefetch$FluxConcatMapNoPrefetchSubscriber.request(FluxConcatMapNoPrefetch.java:339)
		at reactor.core.publisher.MonoNext$NextSubscriber.request(MonoNext.java:108)
		at reactor.core.publisher.Operators$MultiSubscriptionSubscriber.set(Operators.java:2366)
		at reactor.core.publisher.Operators$MultiSubscriptionSubscriber.onSubscribe(Operators.java:2240)
		at reactor.core.publisher.MonoNext$NextSubscriber.onSubscribe(MonoNext.java:70)
		at reactor.core.publisher.FluxConcatMapNoPrefetch$FluxConcatMapNoPrefetchSubscriber.onSubscribe(FluxConcatMapNoPrefetch.java:164)
		at reactor.core.publisher.FluxIterable.subscribe(FluxIterable.java:201)
		at reactor.core.publisher.FluxIterable.subscribe(FluxIterable.java:83)
		at reactor.core.publisher.InternalMonoOperator.subscribe(InternalMonoOperator.java:76)
		at reactor.core.publisher.MonoDefer.subscribe(MonoDefer.java:53)
		at reactor.core.publisher.InternalMonoOperator.subscribe(InternalMonoOperator.java:76)
		at reactor.core.publisher.MonoFlatMap$FlatMapMain.onNext(MonoFlatMap.java:165)
		at reactor.core.publisher.MonoNext$NextSubscriber.onNext(MonoNext.java:82)
		at reactor.core.publisher.FluxUsingWhen$UsingWhenSubscriber.onNext(FluxUsingWhen.java:348)
		at reactor.core.publisher.MonoFlatMap$FlatMapMain.onNext(MonoFlatMap.java:158)
		at reactor.core.publisher.Operators$BaseFluxToMonoOperator.completePossiblyEmpty(Operators.java:2096)
		at reactor.core.publisher.MonoCollectList$MonoCollectListSubscriber.onComplete(MonoCollectList.java:118)
		at reactor.core.publisher.Operators$MultiSubscriptionSubscriber.onComplete(Operators.java:2230)
		at reactor.core.publisher.MonoFlatMapMany$FlatMapManyInner.onComplete(MonoFlatMapMany.java:261)
		at reactor.core.publisher.FluxMergeSequential$MergeSequentialMain.drain(FluxMergeSequential.java:374)
		at reactor.core.publisher.FluxMergeSequential$MergeSequentialMain.onComplete(FluxMergeSequential.java:259)
		at reactor.core.publisher.FluxCreate$BaseSink.complete(FluxCreate.java:465)
		at reactor.core.publisher.FluxCreate$BufferAsyncSink.drain(FluxCreate.java:871)
		at reactor.core.publisher.FluxCreate$BufferAsyncSink.complete(FluxCreate.java:819)
		at reactor.core.publisher.FluxCreate$SerializedFluxSink.drainLoop(FluxCreate.java:249)
		at reactor.core.publisher.FluxCreate$SerializedFluxSink.drain(FluxCreate.java:215)
		at reactor.core.publisher.FluxCreate$SerializedFluxSink.complete(FluxCreate.java:206)
		at com.mongodb.reactivestreams.client.internal.BatchCursorFlux.lambda$recurseCursor$4(BatchCursorFlux.java:98)
		at reactor.core.publisher.LambdaMonoSubscriber.onNext(LambdaMonoSubscriber.java:171)
		at reactor.core.publisher.FluxPeekFuseable$PeekFuseableSubscriber.onNext(FluxPeekFuseable.java:210)
		at reactor.core.publisher.FluxContextWrite$ContextWriteSubscriber.onNext(FluxContextWrite.java:107)
		at reactor.core.publisher.MonoCreate$DefaultMonoSink.success(MonoCreate.java:176)
		at com.mongodb.reactivestreams.client.internal.BatchCursor.lambda$next$1(BatchCursor.java:48)
		at com.mongodb.internal.async.function.AsyncCallbackSupplier.lambda$whenComplete$1(AsyncCallbackSupplier.java:93)
		at com.mongodb.internal.operation.AsyncCommandBatchCursor.lambda$next$0(AsyncCommandBatchCursor.java:120)
		at com.mongodb.internal.async.function.AsyncCallbackSupplier.lambda$whenComplete$2(AsyncCallbackSupplier.java:97)
		at com.mongodb.internal.operation.AsyncCommandBatchCursor$ResourceManager.execute(AsyncCommandBatchCursor.java:267)
		at com.mongodb.internal.operation.AsyncCommandBatchCursor.next(AsyncCommandBatchCursor.java:110)
		at com.mongodb.reactivestreams.client.internal.BatchCursor.lambda$next$2(BatchCursor.java:42)
		at reactor.core.publisher.MonoCreate.subscribe(MonoCreate.java:61)
		at reactor.core.publisher.Mono.subscribe(Mono.java:4576)
		at reactor.core.publisher.Mono.subscribeWith(Mono.java:4641)
		at reactor.core.publisher.Mono.subscribe(Mono.java:4542)
		at reactor.core.publisher.Mono.subscribe(Mono.java:4478)
		at reactor.core.publisher.Mono.subscribe(Mono.java:4450)
		at com.mongodb.reactivestreams.client.internal.BatchCursorFlux.recurseCursor(BatchCursorFlux.java:89)
		at com.mongodb.reactivestreams.client.internal.BatchCursorFlux.lambda$subscribe$0(BatchCursorFlux.java:59)
		at reactor.core.publisher.LambdaMonoSubscriber.onNext(LambdaMonoSubscriber.java:171)
		at reactor.core.publisher.FluxContextWrite$ContextWriteSubscriber.onNext(FluxContextWrite.java:107)
		at reactor.core.publisher.FluxMap$MapConditionalSubscriber.onNext(FluxMap.java:224)
		at reactor.core.publisher.MonoNext$NextSubscriber.onNext(MonoNext.java:82)
		at reactor.core.publisher.MonoNext$NextSubscriber.onNext(MonoNext.java:82)
		at reactor.core.publisher.MonoFlatMap$FlatMapMain.secondComplete(MonoFlatMap.java:245)
		at reactor.core.publisher.MonoFlatMap$FlatMapInner.onNext(MonoFlatMap.java:305)
		at reactor.core.publisher.MonoPeekTerminal$MonoTerminalPeekSubscriber.onNext(MonoPeekTerminal.java:180)
		at reactor.core.publisher.MonoCreate$DefaultMonoSink.success(MonoCreate.java:176)
		at com.mongodb.reactivestreams.client.internal.MongoOperationPublisher.lambda$sinkToCallback$38(MongoOperationPublisher.java:605)
		at com.mongodb.reactivestreams.client.internal.OperationExecutorImpl.lambda$execute$1(OperationExecutorImpl.java:97)
		at com.mongodb.internal.async.ErrorHandlingResultCallback.onResult(ErrorHandlingResultCallback.java:47)
		at com.mongodb.internal.async.function.AsyncCallbackSupplier.lambda$whenComplete$1(AsyncCallbackSupplier.java:93)
		at com.mongodb.internal.async.function.RetryingAsyncCallbackSupplier$RetryingCallback.onResult(RetryingAsyncCallbackSupplier.java:126)
		at com.mongodb.internal.async.ErrorHandlingResultCallback.onResult(ErrorHandlingResultCallback.java:47)
		at com.mongodb.internal.async.function.AsyncCallbackSupplier.lambda$whenComplete$1(AsyncCallbackSupplier.java:93)
		at com.mongodb.internal.async.ErrorHandlingResultCallback.onResult(ErrorHandlingResultCallback.java:47)
		at com.mongodb.internal.async.function.AsyncCallbackSupplier.lambda$whenComplete$1(AsyncCallbackSupplier.java:93)
		at com.mongodb.internal.operation.FindOperation.lambda$exceptionTransformingCallback$6(FindOperation.java:349)
		at com.mongodb.internal.operation.AsyncOperationHelper.lambda$transformingReadCallback$21(AsyncOperationHelper.java:471)
		at com.mongodb.internal.async.ErrorHandlingResultCallback.onResult(ErrorHandlingResultCallback.java:47)
		at com.mongodb.internal.connection.DefaultServer$DefaultServerProtocolExecutor.lambda$executeAsync$0(DefaultServer.java:248)
		at com.mongodb.internal.async.ErrorHandlingResultCallback.onResult(ErrorHandlingResultCallback.java:47)
		at com.mongodb.internal.connection.CommandProtocolImpl.lambda$executeAsync$0(CommandProtocolImpl.java:72)
		at com.mongodb.internal.connection.UsageTrackingInternalConnection.lambda$sendAndReceiveAsync$1(UsageTrackingInternalConnection.java:139)
		at com.mongodb.internal.async.ErrorHandlingResultCallback.onResult(ErrorHandlingResultCallback.java:47)
		at com.mongodb.internal.async.AsyncSupplier.lambda$finish$0(AsyncSupplier.java:73)
		at com.mongodb.internal.async.SingleResultCallback.complete(SingleResultCallback.java:67)
		at com.mongodb.internal.async.AsyncSupplier.lambda$onErrorIf$7(AsyncSupplier.java:173)
		at com.mongodb.internal.async.AsyncSupplier.lambda$finish$0(AsyncSupplier.java:73)
		at com.mongodb.internal.async.AsyncSupplier.lambda$finish$0(AsyncSupplier.java:73)
		at com.mongodb.internal.async.AsyncSupplier.lambda$finish$0(AsyncSupplier.java:73)
		at com.mongodb.internal.connection.InternalStreamConnection.lambda$sendCommandMessageAsync$9(InternalStreamConnection.java:637)
		at com.mongodb.internal.connection.InternalStreamConnection$MessageHeaderCallback$MessageCallback.onResult(InternalStreamConnection.java:941)
		at com.mongodb.internal.connection.InternalStreamConnection$MessageHeaderCallback$MessageCallback.onResult(InternalStreamConnection.java:904)
		at com.mongodb.internal.connection.InternalStreamConnection$2.completed(InternalStreamConnection.java:738)
		at com.mongodb.internal.connection.InternalStreamConnection$2.completed(InternalStreamConnection.java:735)
		at com.mongodb.internal.connection.netty.NettyStream.readAsync(NettyStream.java:334)
		at com.mongodb.internal.connection.netty.NettyStream.readAsync(NettyStream.java:278)
		at com.mongodb.internal.connection.InternalStreamConnection.readAsync(InternalStreamConnection.java:735)
		at com.mongodb.internal.connection.InternalStreamConnection.access$500(InternalStreamConnection.java:103)
		at com.mongodb.internal.connection.InternalStreamConnection$MessageHeaderCallback.onResult(InternalStreamConnection.java:893)
		at com.mongodb.internal.connection.InternalStreamConnection$MessageHeaderCallback.onResult(InternalStreamConnection.java:875)
		at com.mongodb.internal.connection.InternalStreamConnection$2.completed(InternalStreamConnection.java:738)
		at com.mongodb.internal.connection.InternalStreamConnection$2.completed(InternalStreamConnection.java:735)
		at com.mongodb.internal.connection.netty.NettyStream.readAsync(NettyStream.java:334)
		at com.mongodb.internal.connection.netty.NettyStream.handleReadResponse(NettyStream.java:361)
		at com.mongodb.internal.connection.netty.NettyStream.access$900(NettyStream.java:115)
		at com.mongodb.internal.connection.netty.NettyStream$InboundBufferHandler.channelRead0(NettyStream.java:437)
		at com.mongodb.internal.connection.netty.NettyStream$InboundBufferHandler.channelRead0(NettyStream.java:434)
		at io.netty.channel.SimpleChannelInboundHandler.channelRead(SimpleChannelInboundHandler.java:99)
		at io.netty.channel.AbstractChannelHandlerContext.invokeChannelRead(AbstractChannelHandlerContext.java:444)
		at io.netty.channel.AbstractChannelHandlerContext.invokeChannelRead(AbstractChannelHandlerContext.java:420)
		at io.netty.channel.AbstractChannelHandlerContext.fireChannelRead(AbstractChannelHandlerContext.java:412)
		at io.netty.channel.DefaultChannelPipeline$HeadContext.channelRead(DefaultChannelPipeline.java:1357)
		at io.netty.channel.AbstractChannelHandlerContext.invokeChannelRead(AbstractChannelHandlerContext.java:440)
		at io.netty.channel.AbstractChannelHandlerContext.invokeChannelRead(AbstractChannelHandlerContext.java:420)
		at io.netty.channel.DefaultChannelPipeline.fireChannelRead(DefaultChannelPipeline.java:868)
		at io.netty.channel.nio.AbstractNioByteChannel$NioByteUnsafe.read(AbstractNioByteChannel.java:166)
		at io.netty.channel.nio.NioEventLoop.processSelectedKey(NioEventLoop.java:796)
		at io.netty.channel.nio.NioEventLoop.processSelectedKeysOptimized(NioEventLoop.java:732)
		at io.netty.channel.nio.NioEventLoop.processSelectedKeys(NioEventLoop.java:658)
		at io.netty.channel.nio.NioEventLoop.run(NioEventLoop.java:562)
		at io.netty.util.concurrent.SingleThreadEventExecutor$4.run(SingleThreadEventExecutor.java:998)
		at io.netty.util.internal.ThreadExecutorMap$2.run(ThreadExecutorMap.java:74)
		at io.netty.util.concurrent.FastThreadLocalRunnable.run(FastThreadLocalRunnable.java:30)
		at java.base/java.lang.Thread.run(Thread.java:840)
Caused by: io.lettuce.core.RedisConnectionException: Unable to connect to localhost/<unresolved>:6379
	at io.lettuce.core.RedisConnectionException.create(RedisConnectionException.java:63)
	at io.lettuce.core.RedisConnectionException.create(RedisConnectionException.java:41)
	at io.lettuce.core.AbstractRedisClient.getConnection(AbstractRedisClient.java:354)
	at io.lettuce.core.RedisClient.connect(RedisClient.java:220)
	at org.springframework.data.redis.connection.lettuce.StandaloneConnectionProvider.lambda$getConnection$1(StandaloneConnectionProvider.java:112)
	at java.base/java.util.Optional.orElseGet(Optional.java:364)
	at org.springframework.data.redis.connection.lettuce.StandaloneConnectionProvider.getConnection(StandaloneConnectionProvider.java:112)
	at org.springframework.data.redis.connection.lettuce.LettuceConnectionFactory$ExceptionTranslatingConnectionProvider.getConnection(LettuceConnectionFactory.java:1795)
	at org.springframework.data.redis.connection.lettuce.LettuceConnectionFactory$SharedConnection.getNativeConnection(LettuceConnectionFactory.java:1594)
	at org.springframework.data.redis.connection.lettuce.LettuceConnectionFactory$SharedConnection.lambda$getConnection$0(LettuceConnectionFactory.java:1574)
	at org.springframework.data.redis.connection.lettuce.LettuceConnectionFactory.doInLock(LettuceConnectionFactory.java:1535)
	at org.springframework.data.redis.connection.lettuce.LettuceConnectionFactory$SharedConnection.getConnection(LettuceConnectionFactory.java:1571)
	at org.springframework.data.redis.connection.lettuce.LettuceConnectionFactory.getSharedReactiveConnection(LettuceConnectionFactory.java:1282)
	at org.springframework.data.redis.connection.lettuce.LettuceConnectionFactory.getReactiveConnection(LettuceConnectionFactory.java:1157)
	at org.springframework.data.redis.connection.lettuce.LettuceConnectionFactory.getReactiveConnection(LettuceConnectionFactory.java:121)
	at org.springframework.data.redis.core.ReactiveRedisTemplate.lambda$getConnection$2(ReactiveRedisTemplate.java:273)
	at reactor.core.publisher.MonoSupplier.call(MonoSupplier.java:67)
	at reactor.core.publisher.FluxUsingWhen.subscribe(FluxUsingWhen.java:80)
	at reactor.core.publisher.Flux.subscribe(Flux.java:8891)
	at reactor.core.publisher.FluxConcatArray$ConcatArraySubscriber.onComplete(FluxConcatArray.java:238)
	at reactor.core.publisher.FluxConcatArray.subscribe(FluxConcatArray.java:79)
	at reactor.core.publisher.InternalFluxOperator.subscribe(InternalFluxOperator.java:68)
	at reactor.core.publisher.FluxDeferContextual.subscribe(FluxDeferContextual.java:57)
	at org.springframework.http.server.reactive.ChannelSendOperator.subscribe(ChannelSendOperator.java:77)
	at reactor.core.publisher.InternalMonoOperator.subscribe(InternalMonoOperator.java:76)
	at reactor.core.publisher.MonoFlatMap$FlatMapMain.onNext(MonoFlatMap.java:165)
	at reactor.core.publisher.FluxOnErrorResume$ResumeSubscriber.onNext(FluxOnErrorResume.java:79)
	at reactor.core.publisher.FluxOnErrorResume$ResumeSubscriber.onNext(FluxOnErrorResume.java:79)
	at reactor.core.publisher.FluxPeek$PeekSubscriber.onNext(FluxPeek.java:200)
	at reactor.core.publisher.MonoIgnoreThen$ThenIgnoreMain.complete(MonoIgnoreThen.java:294)
	at reactor.core.publisher.MonoIgnoreThen$ThenIgnoreMain.onNext(MonoIgnoreThen.java:188)
	at reactor.core.publisher.MonoFlatMap$FlatMapMain.onNext(MonoFlatMap.java:158)
	at reactor.core.publisher.MonoZip$ZipCoordinator.signal(MonoZip.java:297)
	at reactor.core.publisher.MonoZip$ZipInner.onNext(MonoZip.java:478)
	at reactor.core.publisher.MonoPeekTerminal$MonoTerminalPeekSubscriber.onNext(MonoPeekTerminal.java:180)
	at reactor.core.publisher.FluxDefaultIfEmpty$DefaultIfEmptySubscriber.onNext(FluxDefaultIfEmpty.java:122)
	at reactor.core.publisher.FluxSwitchIfEmpty$SwitchIfEmptySubscriber.onNext(FluxSwitchIfEmpty.java:74)
	at reactor.core.publisher.Operators$ScalarSubscription.request(Operators.java:2570)
	at reactor.core.publisher.Operators$MultiSubscriptionSubscriber.set(Operators.java:2366)
	at reactor.core.publisher.Operators$MultiSubscriptionSubscriber.onSubscribe(Operators.java:2240)
	at reactor.core.publisher.FluxFlatMap.trySubscribeScalarMap(FluxFlatMap.java:193)
	at reactor.core.publisher.MonoFlatMap.subscribeOrReturn(MonoFlatMap.java:53)
	at reactor.core.publisher.InternalMonoOperator.subscribe(InternalMonoOperator.java:63)
	at reactor.core.publisher.MonoZip$ZipCoordinator.request(MonoZip.java:220)
	at reactor.core.publisher.MonoFlatMap$FlatMapMain.request(MonoFlatMap.java:194)
	at reactor.core.publisher.MonoIgnoreThen$ThenIgnoreMain.onSubscribe(MonoIgnoreThen.java:135)
	at reactor.core.publisher.MonoFlatMap$FlatMapMain.onSubscribe(MonoFlatMap.java:117)
	at reactor.core.publisher.MonoZip.subscribe(MonoZip.java:129)
	at reactor.core.publisher.InternalMonoOperator.subscribe(InternalMonoOperator.java:76)
	at reactor.core.publisher.MonoDefer.subscribe(MonoDefer.java:53)
	at reactor.core.publisher.MonoIgnoreThen$ThenIgnoreMain.subscribeNext(MonoIgnoreThen.java:241)
	at reactor.core.publisher.MonoIgnoreThen$ThenIgnoreMain.onComplete(MonoIgnoreThen.java:204)
	at reactor.core.publisher.MonoFlatMap$FlatMapMain.onComplete(MonoFlatMap.java:189)
	at reactor.core.publisher.Operators.complete(Operators.java:137)
	at reactor.core.publisher.MonoZip.subscribe(MonoZip.java:121)
	at reactor.core.publisher.Mono.subscribe(Mono.java:4576)
	at reactor.core.publisher.MonoIgnoreThen$ThenIgnoreMain.subscribeNext(MonoIgnoreThen.java:265)
	at reactor.core.publisher.MonoIgnoreThen.subscribe(MonoIgnoreThen.java:51)
	at reactor.core.publisher.InternalMonoOperator.subscribe(InternalMonoOperator.java:76)
	at reactor.core.publisher.MonoFlatMap$FlatMapMain.onNext(MonoFlatMap.java:165)
	at reactor.core.publisher.FluxOnErrorResume$ResumeSubscriber.onNext(FluxOnErrorResume.java:79)
	at reactor.core.publisher.FluxSwitchIfEmpty$SwitchIfEmptySubscriber.onNext(FluxSwitchIfEmpty.java:74)
	at reactor.core.publisher.MonoNext$NextSubscriber.onNext(MonoNext.java:82)
	at reactor.core.publisher.FluxConcatMapNoPrefetch$FluxConcatMapNoPrefetchSubscriber.innerNext(FluxConcatMapNoPrefetch.java:259)
	at reactor.core.publisher.FluxConcatMap$ConcatMapInner.onNext(FluxConcatMap.java:865)
	at reactor.core.publisher.FluxMapFuseable$MapFuseableSubscriber.onNext(FluxMapFuseable.java:129)
	at reactor.core.publisher.MonoPeekTerminal$MonoTerminalPeekSubscriber.onNext(MonoPeekTerminal.java:180)
	at reactor.core.publisher.Operators$ScalarSubscription.request(Operators.java:2570)
	at reactor.core.publisher.MonoPeekTerminal$MonoTerminalPeekSubscriber.request(MonoPeekTerminal.java:139)
	at reactor.core.publisher.FluxMapFuseable$MapFuseableSubscriber.request(FluxMapFuseable.java:171)
	at reactor.core.publisher.Operators$MultiSubscriptionSubscriber.request(Operators.java:2330)
	at reactor.core.publisher.FluxConcatMapNoPrefetch$FluxConcatMapNoPrefetchSubscriber.request(FluxConcatMapNoPrefetch.java:339)
	at reactor.core.publisher.MonoNext$NextSubscriber.request(MonoNext.java:108)
	at reactor.core.publisher.Operators$MultiSubscriptionSubscriber.set(Operators.java:2366)
	at reactor.core.publisher.Operators$MultiSubscriptionSubscriber.onSubscribe(Operators.java:2240)
	at reactor.core.publisher.MonoNext$NextSubscriber.onSubscribe(MonoNext.java:70)
	at reactor.core.publisher.FluxConcatMapNoPrefetch$FluxConcatMapNoPrefetchSubscriber.onSubscribe(FluxConcatMapNoPrefetch.java:164)
	at reactor.core.publisher.FluxIterable.subscribe(FluxIterable.java:201)
	at reactor.core.publisher.FluxIterable.subscribe(FluxIterable.java:83)
	at reactor.core.publisher.InternalMonoOperator.subscribe(InternalMonoOperator.java:76)
	at reactor.core.publisher.MonoDefer.subscribe(MonoDefer.java:53)
	at reactor.core.publisher.InternalMonoOperator.subscribe(InternalMonoOperator.java:76)
	at reactor.core.publisher.MonoFlatMap$FlatMapMain.onNext(MonoFlatMap.java:165)
	at reactor.core.publisher.MonoNext$NextSubscriber.onNext(MonoNext.java:82)
	at reactor.core.publisher.FluxUsingWhen$UsingWhenSubscriber.onNext(FluxUsingWhen.java:348)
	at reactor.core.publisher.MonoFlatMap$FlatMapMain.onNext(MonoFlatMap.java:158)
	at reactor.core.publisher.Operators$BaseFluxToMonoOperator.completePossiblyEmpty(Operators.java:2096)
	at reactor.core.publisher.MonoCollectList$MonoCollectListSubscriber.onComplete(MonoCollectList.java:118)
	at reactor.core.publisher.Operators$MultiSubscriptionSubscriber.onComplete(Operators.java:2230)
	at reactor.core.publisher.MonoFlatMapMany$FlatMapManyInner.onComplete(MonoFlatMapMany.java:261)
	at reactor.core.publisher.FluxMergeSequential$MergeSequentialMain.drain(FluxMergeSequential.java:374)
	at reactor.core.publisher.FluxMergeSequential$MergeSequentialMain.onComplete(FluxMergeSequential.java:259)
	at reactor.core.publisher.FluxCreate$BaseSink.complete(FluxCreate.java:465)
	at reactor.core.publisher.FluxCreate$BufferAsyncSink.drain(FluxCreate.java:871)
	at reactor.core.publisher.FluxCreate$BufferAsyncSink.complete(FluxCreate.java:819)
	at reactor.core.publisher.FluxCreate$SerializedFluxSink.drainLoop(FluxCreate.java:249)
	at reactor.core.publisher.FluxCreate$SerializedFluxSink.drain(FluxCreate.java:215)
	at reactor.core.publisher.FluxCreate$SerializedFluxSink.complete(FluxCreate.java:206)
	at com.mongodb.reactivestreams.client.internal.BatchCursorFlux.lambda$recurseCursor$4(BatchCursorFlux.java:98)
	at reactor.core.publisher.LambdaMonoSubscriber.onNext(LambdaMonoSubscriber.java:171)
	at reactor.core.publisher.FluxPeekFuseable$PeekFuseableSubscriber.onNext(FluxPeekFuseable.java:210)
	at reactor.core.publisher.FluxContextWrite$ContextWriteSubscriber.onNext(FluxContextWrite.java:107)
	at reactor.core.publisher.MonoCreate$DefaultMonoSink.success(MonoCreate.java:176)
	at com.mongodb.reactivestreams.client.internal.BatchCursor.lambda$next$1(BatchCursor.java:48)
	at com.mongodb.internal.async.function.AsyncCallbackSupplier.lambda$whenComplete$1(AsyncCallbackSupplier.java:93)
	at com.mongodb.internal.operation.AsyncCommandBatchCursor.lambda$next$0(AsyncCommandBatchCursor.java:120)
	at com.mongodb.internal.async.function.AsyncCallbackSupplier.lambda$whenComplete$2(AsyncCallbackSupplier.java:97)
	at com.mongodb.internal.operation.AsyncCommandBatchCursor$ResourceManager.execute(AsyncCommandBatchCursor.java:267)
	at com.mongodb.internal.operation.AsyncCommandBatchCursor.next(AsyncCommandBatchCursor.java:110)
	at com.mongodb.reactivestreams.client.internal.BatchCursor.lambda$next$2(BatchCursor.java:42)
	at reactor.core.publisher.MonoCreate.subscribe(MonoCreate.java:61)
	at reactor.core.publisher.Mono.subscribe(Mono.java:4576)
	at reactor.core.publisher.Mono.subscribeWith(Mono.java:4641)
	at reactor.core.publisher.Mono.subscribe(Mono.java:4542)
	at reactor.core.publisher.Mono.subscribe(Mono.java:4478)
	at reactor.core.publisher.Mono.subscribe(Mono.java:4450)
	at com.mongodb.reactivestreams.client.internal.BatchCursorFlux.recurseCursor(BatchCursorFlux.java:89)
	at com.mongodb.reactivestreams.client.internal.BatchCursorFlux.lambda$subscribe$0(BatchCursorFlux.java:59)
	at reactor.core.publisher.LambdaMonoSubscriber.onNext(LambdaMonoSubscriber.java:171)
	at reactor.core.publisher.FluxContextWrite$ContextWriteSubscriber.onNext(FluxContextWrite.java:107)
	at reactor.core.publisher.FluxMap$MapConditionalSubscriber.onNext(FluxMap.java:224)
	at reactor.core.publisher.MonoNext$NextSubscriber.onNext(MonoNext.java:82)
	at reactor.core.publisher.MonoNext$NextSubscriber.onNext(MonoNext.java:82)
	at reactor.core.publisher.MonoFlatMap$FlatMapMain.secondComplete(MonoFlatMap.java:245)
	at reactor.core.publisher.MonoFlatMap$FlatMapInner.onNext(MonoFlatMap.java:305)
	at reactor.core.publisher.MonoPeekTerminal$MonoTerminalPeekSubscriber.onNext(MonoPeekTerminal.java:180)
	at reactor.core.publisher.MonoCreate$DefaultMonoSink.success(MonoCreate.java:176)
	at com.mongodb.reactivestreams.client.internal.MongoOperationPublisher.lambda$sinkToCallback$38(MongoOperationPublisher.java:605)
	at com.mongodb.reactivestreams.client.internal.OperationExecutorImpl.lambda$execute$1(OperationExecutorImpl.java:97)
	at com.mongodb.internal.async.ErrorHandlingResultCallback.onResult(ErrorHandlingResultCallback.java:47)
	at com.mongodb.internal.async.function.AsyncCallbackSupplier.lambda$whenComplete$1(AsyncCallbackSupplier.java:93)
	at com.mongodb.internal.async.function.RetryingAsyncCallbackSupplier$RetryingCallback.onResult(RetryingAsyncCallbackSupplier.java:126)
	at com.mongodb.internal.async.ErrorHandlingResultCallback.onResult(ErrorHandlingResultCallback.java:47)
	at com.mongodb.internal.async.function.AsyncCallbackSupplier.lambda$whenComplete$1(AsyncCallbackSupplier.java:93)
	at com.mongodb.internal.async.ErrorHandlingResultCallback.onResult(ErrorHandlingResultCallback.java:47)
	at com.mongodb.internal.async.function.AsyncCallbackSupplier.lambda$whenComplete$1(AsyncCallbackSupplier.java:93)
	at com.mongodb.internal.operation.FindOperation.lambda$exceptionTransformingCallback$6(FindOperation.java:349)
	at com.mongodb.internal.operation.AsyncOperationHelper.lambda$transformingReadCallback$21(AsyncOperationHelper.java:471)
	at com.mongodb.internal.async.ErrorHandlingResultCallback.onResult(ErrorHandlingResultCallback.java:47)
	at com.mongodb.internal.connection.DefaultServer$DefaultServerProtocolExecutor.lambda$executeAsync$0(DefaultServer.java:248)
	at com.mongodb.internal.async.ErrorHandlingResultCallback.onResult(ErrorHandlingResultCallback.java:47)
	at com.mongodb.internal.connection.CommandProtocolImpl.lambda$executeAsync$0(CommandProtocolImpl.java:72)
	at com.mongodb.internal.connection.UsageTrackingInternalConnection.lambda$sendAndReceiveAsync$1(UsageTrackingInternalConnection.java:139)
	at com.mongodb.internal.async.ErrorHandlingResultCallback.onResult(ErrorHandlingResultCallback.java:47)
	at com.mongodb.internal.async.AsyncSupplier.lambda$finish$0(AsyncSupplier.java:73)
	at com.mongodb.internal.async.SingleResultCallback.complete(SingleResultCallback.java:67)
	at com.mongodb.internal.async.AsyncSupplier.lambda$onErrorIf$7(AsyncSupplier.java:173)
	at com.mongodb.internal.async.AsyncSupplier.lambda$finish$0(AsyncSupplier.java:73)
	at com.mongodb.internal.async.AsyncSupplier.lambda$finish$0(AsyncSupplier.java:73)
	at com.mongodb.internal.async.AsyncSupplier.lambda$finish$0(AsyncSupplier.java:73)
	at com.mongodb.internal.connection.InternalStreamConnection.lambda$sendCommandMessageAsync$9(InternalStreamConnection.java:637)
	at com.mongodb.internal.connection.InternalStreamConnection$MessageHeaderCallback$MessageCallback.onResult(InternalStreamConnection.java:941)
	at com.mongodb.internal.connection.InternalStreamConnection$MessageHeaderCallback$MessageCallback.onResult(InternalStreamConnection.java:904)
	at com.mongodb.internal.connection.InternalStreamConnection$2.completed(InternalStreamConnection.java:738)
	at com.mongodb.internal.connection.InternalStreamConnection$2.completed(InternalStreamConnection.java:735)
	at com.mongodb.internal.connection.netty.NettyStream.readAsync(NettyStream.java:334)
	at com.mongodb.internal.connection.netty.NettyStream.readAsync(NettyStream.java:278)
	at com.mongodb.internal.connection.InternalStreamConnection.readAsync(InternalStreamConnection.java:735)
	at com.mongodb.internal.connection.InternalStreamConnection.access$500(InternalStreamConnection.java:103)
	at com.mongodb.internal.connection.InternalStreamConnection$MessageHeaderCallback.onResult(InternalStreamConnection.java:893)
	at com.mongodb.internal.connection.InternalStreamConnection$MessageHeaderCallback.onResult(InternalStreamConnection.java:875)
	at com.mongodb.internal.connection.InternalStreamConnection$2.completed(InternalStreamConnection.java:738)
	at com.mongodb.internal.connection.InternalStreamConnection$2.completed(InternalStreamConnection.java:735)
	at com.mongodb.internal.connection.netty.NettyStream.readAsync(NettyStream.java:334)
	at com.mongodb.internal.connection.netty.NettyStream.handleReadResponse(NettyStream.java:361)
	at com.mongodb.internal.connection.netty.NettyStream.access$900(NettyStream.java:115)
	at com.mongodb.internal.connection.netty.NettyStream$InboundBufferHandler.channelRead0(NettyStream.java:437)
	at com.mongodb.internal.connection.netty.NettyStream$InboundBufferHandler.channelRead0(NettyStream.java:434)
	at io.netty.channel.SimpleChannelInboundHandler.channelRead(SimpleChannelInboundHandler.java:99)
	at io.netty.channel.AbstractChannelHandlerContext.invokeChannelRead(AbstractChannelHandlerContext.java:444)
	at io.netty.channel.AbstractChannelHandlerContext.invokeChannelRead(AbstractChannelHandlerContext.java:420)
	at io.netty.channel.AbstractChannelHandlerContext.fireChannelRead(AbstractChannelHandlerContext.java:412)
	at io.netty.channel.DefaultChannelPipeline$HeadContext.channelRead(DefaultChannelPipeline.java:1357)
	at io.netty.channel.AbstractChannelHandlerContext.invokeChannelRead(AbstractChannelHandlerContext.java:440)
	at io.netty.channel.AbstractChannelHandlerContext.invokeChannelRead(AbstractChannelHandlerContext.java:420)
	at io.netty.channel.DefaultChannelPipeline.fireChannelRead(DefaultChannelPipeline.java:868)
	at io.netty.channel.nio.AbstractNioByteChannel$NioByteUnsafe.read(AbstractNioByteChannel.java:166)
	at io.netty.channel.nio.NioEventLoop.processSelectedKey(NioEventLoop.java:796)
	at io.netty.channel.nio.NioEventLoop.processSelectedKeysOptimized(NioEventLoop.java:732)
	at io.netty.channel.nio.NioEventLoop.processSelectedKeys(NioEventLoop.java:658)
	at io.netty.channel.nio.NioEventLoop.run(NioEventLoop.java:562)
	at io.netty.util.concurrent.SingleThreadEventExecutor$4.run(SingleThreadEventExecutor.java:998)
	at io.netty.util.internal.ThreadExecutorMap$2.run(ThreadExecutorMap.java:74)
	at io.netty.util.concurrent.FastThreadLocalRunnable.run(FastThreadLocalRunnable.java:30)
	at java.base/java.lang.Thread.run(Thread.java:840)
Caused by: io.netty.channel.AbstractChannel$AnnotatedConnectException: Connection refused: getsockopt: localhost/127.0.0.1:6379
Caused by: java.net.ConnectException: Connection refused: getsockopt
	at java.base/sun.nio.ch.Net.pollConnect(Native Method)
	at java.base/sun.nio.ch.Net.pollConnectNow(Net.java:672)
	at java.base/sun.nio.ch.SocketChannelImpl.finishConnect(SocketChannelImpl.java:946)
	at io.netty.channel.socket.nio.NioSocketChannel.doFinishConnect(NioSocketChannel.java:336)
	at io.netty.channel.nio.AbstractNioChannel$AbstractNioUnsafe.finishConnect(AbstractNioChannel.java:339)
	at io.netty.channel.nio.NioEventLoop.processSelectedKey(NioEventLoop.java:784)
	at io.netty.channel.nio.NioEventLoop.processSelectedKeysOptimized(NioEventLoop.java:732)
	at io.netty.channel.nio.NioEventLoop.processSelectedKeys(NioEventLoop.java:658)
	at io.netty.channel.nio.NioEventLoop.run(NioEventLoop.java:562)
	at io.netty.util.concurrent.SingleThreadEventExecutor$4.run(SingleThreadEventExecutor.java:998)
	at io.netty.util.internal.ThreadExecutorMap$2.run(ThreadExecutorMap.java:74)
	at io.netty.util.concurrent.FastThreadLocalRunnable.run(FastThreadLocalRunnable.java:30)
	at java.base/java.lang.Thread.run(Thread.java:840)
2025-11-06 11:53:19.670 [background-preinit] INFO  o.h.validator.internal.util.Version - HV000001: Hibernate Validator 8.0.3.Final [req=]
2025-11-06 11:53:19.735 [restartedMain] INFO  c.l.w.WebfluxTaskManagerAppApplication - Starting WebfluxTaskManagerAppApplication using Java 17.0.16 with PID 11872 (F:\spring-boot-data-jpa-hospital-management-system-8563783c3d5fb4bad27df7790afda8d99c7bcbc4\webflux-task-manager-app\target\classes started by MARUTI in F:\spring-boot-data-jpa-hospital-management-system-8563783c3d5fb4bad27df7790afda8d99c7bcbc4\webflux-task-manager-app) [req=]
2025-11-06 11:53:19.736 [restartedMain] INFO  c.l.w.WebfluxTaskManagerAppApplication - No active profile set, falling back to 1 default profile: "default" [req=]
2025-11-06 11:53:23.378 [restartedMain] INFO  org.mongodb.driver.client - MongoClient with metadata {"driver": {"name": "mongo-java-driver|reactive-streams|spring-boot", "version": "5.5.1"}, "os": {"type": "Windows", "name": "Windows 10", "architecture": "amd64", "version": "10.0"}, "platform": "Java/Microsoft/17.0.16+8-LTS"} created with settings MongoClientSettings{readPreference=primary, writeConcern=WriteConcern{w=null, wTimeout=null ms, journal=null}, retryWSettings{evrites=true, retryReads=true, readConcern=ReadConcern{level=null}, credential=null, transportSettings=NettyTransportentLoopGroup=io.netty.channel.nio.NioEventLoopGroup@7c12ae4f, socketChannelClass=null, allocator=null, sslContext=null}, commandListeners=[], codecRegistry=ProvidersCodecRegistry{codecProviders=[ValueCodecProvider{}, BsonValueCodecProvider{}, DBRefCodecProvider{}, DBObjectCodecProvider{}, DocumentCodecProvider{}, CollectionCodecProvider{}, IterableCodecProvider{}, MapCodecProvider{}, GeoJsonCodecProvider{}, GridFSFileCodecProvider{}, Jsr310CodecProvider{}, JsonObjectCodecProvider{}, BsonCodecProvider{}, EnumCodecProvider{}, com.mongodb.client.model.mql.ExpressionCodecProvider@79aa36e7, com.mongodb.Jep395RecordCodecProvider@49e453cf, com.mongodb.KotlinCodecProvider@28aec550]}, loggerSettings=LoggerSettings{maxDocumentLength=1000}, clusterSettings={hosts=[localhost:27017], srvServiceName=mongodb, mode=SINGLE, requiredClusterType=UNKNOWN, requiredReplicaSetName='null', serverSelector='null', clusterListeners='[]', serverSelectionTimeout='30000 ms', localThreshold='15 ms'}, socketSettings=SocketSettings{connectTimeoutMS=10000, readTimeoutMS=0, receiveBufferSize=0, proxySettings=ProxySettings{host=null, port=null, username=null, password=null}}, heartbeatSocketSettings=SocketSettings{connectTimeoutMS=10000, readTimeoutMS=10000, receiveBufferSize=0, proxySettings=ProxySettings{host=null, port=null, username=null, password=null}}, connectionPoolSettings=ConnectionPoolSettings{maxSize=100, minSize=0, maxWaitTimeMS=120000, maxConnectionLifeTimeMS=0, maxConnectionIdleTimeMS=0, maintenanceInitialDelayMS=0, maintenanceFrequencyMS=60000, connectionPoolListeners=[], maxConnecting=2}, serverSettings=ServerSettings{heartbeatFrequencyMS=10000, minHeartbeatFrequencyMS=500, serverMonitoringMode=AUTO, serverListeners='[]', serverMonitorListeners='[]'}, sslSettings=SslSettings{enabled=false, invalidHostNameAllowed=false, context=null}, applicationName='null', compressorList=[], uuidRepresentation=JAVA_LEGACY, serverApi=null, autoEncryptionSettings=null, dnsClient=null, inetAddressResolver=null, contextProvider=null, timeoutMS=null} [req=]
2025-11-06 11:53:23.591 [cluster-ClusterId{value='690c3edb523a184061fab93d', description='null'}-localhost:27017] INFO  org.mongodb.driver.cluster - Monitor thread successfully connected to server with description ServerDescription{address=localhost:27017, type=STANDALONE, cryptd=false, state=CONNECTED, ok=true, minWireVersion=0, maxWireVersion=21, maxDocumentSize=16777216, logicalSessionTimeoutMinutes=30, roundTripTimeNanos=101561700, minRoundTripTimeNanos=0} [req=]
2025-11-06 11:53:25.522 [restartedMain] INFO  c.l.w.WebfluxTaskManagerAppApplication - Started WebfluxTaskManagerAppApplication in 6.692 seconds (process running for 7.586) [req=]
2025-11-06 11:53:40.628 [lettuce-nioEventLoop-6-1] INFO  c.l.w.controller.WebClientController - Fetched product [req=61a5c5a6-c967-4078-ac27-323d388eccc9]
2025-11-06 11:53:40.645 [reactor-http-nio-2] INFO  c.l.w.controller.WebClientController - Fetched product [req=61a5c5a6-c967-4078-ac27-323d388eccc9]
2025-11-06 11:53:40.646 [reactor-http-nio-2] INFO  c.l.w.controller.WebClientController - Fetched product [req=61a5c5a6-c967-4078-ac27-323d388eccc9]
2025-11-06 11:53:40.646 [reactor-http-nio-2] INFO  c.l.w.controller.WebClientController - Fetched product [req=61a5c5a6-c967-4078-ac27-323d388eccc9]
2025-11-06 11:53:40.647 [reactor-http-nio-2] INFO  c.l.w.controller.WebClientController - Fetched product [req=61a5c5a6-c967-4078-ac27-323d388eccc9]
2025-11-06 11:53:40.647 [reactor-http-nio-2] INFO  c.l.w.controller.WebClientController - Fetched product [req=61a5c5a6-c967-4078-ac27-323d388eccc9]
2025-11-06 11:53:40.648 [reactor-http-nio-2] INFO  c.l.w.controller.WebClientController - Fetched product [req=61a5c5a6-c967-4078-ac27-323d388eccc9]
2025-11-06 11:53:40.648 [reactor-http-nio-2] INFO  c.l.w.controller.WebClientController - Fetched product [req=61a5c5a6-c967-4078-ac27-323d388eccc9]
2025-11-06 11:53:40.648 [reactor-http-nio-2] INFO  c.l.w.controller.WebClientController - Fetched product [req=61a5c5a6-c967-4078-ac27-323d388eccc9]
2025-11-06 11:53:40.649 [reactor-http-nio-2] INFO  c.l.w.controller.WebClientController - Fetched product [req=61a5c5a6-c967-4078-ac27-323d388eccc9]
2025-11-06 11:53:40.649 [reactor-http-nio-2] INFO  c.l.w.controller.WebClientController - Fetched product [req=61a5c5a6-c967-4078-ac27-323d388eccc9]
2025-11-06 11:53:40.649 [reactor-http-nio-2] INFO  c.l.w.controller.WebClientController - Fetched product [req=61a5c5a6-c967-4078-ac27-323d388eccc9]
2025-11-06 11:53:40.650 [reactor-http-nio-2] INFO  c.l.w.controller.WebClientController - Fetched product [req=61a5c5a6-c967-4078-ac27-323d388eccc9]
2025-11-06 11:53:40.650 [reactor-http-nio-2] INFO  c.l.w.controller.WebClientController - Fetched product [req=61a5c5a6-c967-4078-ac27-323d388eccc9]
2025-11-06 11:53:40.650 [reactor-http-nio-2] INFO  c.l.w.controller.WebClientController - Fetched product [req=61a5c5a6-c967-4078-ac27-323d388eccc9]
2025-11-06 11:53:40.651 [reactor-http-nio-2] INFO  c.l.w.controller.WebClientController - Fetched product [req=61a5c5a6-c967-4078-ac27-323d388eccc9]
2025-11-06 11:53:40.651 [reactor-http-nio-2] INFO  c.l.w.controller.WebClientController - Fetched product [req=61a5c5a6-c967-4078-ac27-323d388eccc9]
2025-11-06 11:53:40.651 [reactor-http-nio-2] INFO  c.l.w.controller.WebClientController - Fetched product [req=61a5c5a6-c967-4078-ac27-323d388eccc9]
2025-11-06 11:53:40.652 [reactor-http-nio-2] INFO  c.l.w.controller.WebClientController - Fetched product [req=61a5c5a6-c967-4078-ac27-323d388eccc9]
2025-11-06 11:53:40.652 [reactor-http-nio-2] INFO  c.l.w.controller.WebClientController - Fetched product [req=61a5c5a6-c967-4078-ac27-323d388eccc9]
2025-11-06 11:53:40.652 [reactor-http-nio-2] INFO  c.l.w.controller.WebClientController - Completed fetching all products [req=61a5c5a6-c967-4078-ac27-323d388eccc9]
2025-11-06 12:58:43.730 [background-preinit] INFO  o.h.validator.internal.util.Version - HV000001: Hibernate Validator 8.0.3.Final [req=]
2025-11-06 12:58:43.792 [restartedMain] INFO  c.l.w.WebfluxTaskManagerAppApplication - Starting WebfluxTaskManagerAppApplication using Java 17.0.16 with PID 2004 (F:\spring-boot-data-jpa-hospital-management-system-8563783c3d5fb4bad27df7790afda8d99c7bcbc4\webflux-task-manager-app\target\classes started by MARUTI in F:\spring-boot-data-jpa-hospital-management-system-8563783c3d5fb4bad27df7790afda8d99c7bcbc4\webflux-task-manager-app) [req=]
2025-11-06 12:58:43.793 [restartedMain] INFO  c.l.w.WebfluxTaskManagerAppApplication - No active profile set, falling back to 1 default profile: "default" [req=]
2025-11-06 12:58:47.048 [restartedMain] INFO  org.mongodb.driver.client - MongoClient with metadata {"driver": {"name": "mongo-java-driver|reactive-streams|spring-boot", "version": "5.5.1"}, "os": {"type": "Windows", "name": "Windows 10", "architecture": "amd64", "version": "10.0"}, "platform": "Java/Microsoft/17.0.16+8-LTS"} created with settings MongoClientSettings{readPreference=primary, writeConcern=WriteConcern{w=null, wTimeout=null ms, journal=null}, retryWrites=true, retryReads=true, readConcern=ReadConcern{level=null}, credential=null, transportSettings=NettyTransportSettings{eventLoopGroup=io.netty.channel.nio.NioEventLoopGroup@2b1f9d64, socketChannelClass=null, allocator=null, sslContext=null}, commandListeners=[], codecRegistry=ProvidersCodecRegistry{codecProviders=[ValueCodecProvider{}, BsonValueCodecProvider{}, DBRefCodecProvider{}, DBObjectCodecProvider{}, DocumentCodecProvider{}, CollectionCodecProvider{}, IterableCodecProvider{}, MapCodecProvider{}, GeoJsonCodecProvider{}, GridFSFileCodecProvider{}, Jsr310CodecProvider{}, JsonObjectCodecProvider{}, BsonCodecProvider{}, EnumCodecProvider{}, com.mongodb.client.model.mql.ExpressionCodecProvider@5590d149, com.mongodb.Jep395RecordCodecProvider@5cd812ef, com.mongodb.KotlinCodecProvider@5120cd32]}, loggerSettings=LoggerSettings{maxDocumentLength=1000}, clusterSettings={hosts=[localhost:27017], srvServiceName=mongodb, mode=SINGLE, requiredClusterType=UNKNOWN, requiredReplicaSetName='null', serverSelector='null', clusterListeners='[]', serverSelectionTimeout='30000 ms', localThreshold='15 ms'}, socketSettings=SocketSettings{connectTimeoutMS=10000, readTimeoutMS=0, receiveBufferSize=0, proxySettings=ProxySettings{host=null, port=null, username=null, password=null}}, heartbeatSocketSettings=SocketSettings{connectTimeoutMS=10000, readTimeoutMS=10000, receiveBufferSize=0, proxySettings=ProxySettings{host=null, port=null, username=null, password=null}}, connectionPoolSettings=ConnectionPoolSettings{maxSize=100, minSize=0, maxWaitTimeMS=120000, maxConnectionLifeTimeMS=0, maxConnectionIdleTimeMS=0, maintenanceInitialDelayMS=0, maintenanceFrequencyMS=60000, connectionPoolListeners=[], maxConnecting=2}, serverSettings=ServerSettings{heartbeatFrequencyMS=10000, minHeartbeatFrequencyMS=500, serverMonitoringMode=AUTO, serverListeners='[]', serverMonitorListeners='[]'}, sslSettings=SslSettings{enabled=false, invalidHostNameAllowed=false, context=null}, applicationName='null', compressorList=[], uuidRepresentation=JAVA_LEGACY, serverApi=null, autoEncryptionSettings=null, dnsClient=null, inetAddressResolver=null, contextProvider=null, timeoutMS=null} [req=]
2025-11-06 12:58:47.269 [cluster-ClusterId{value='690c4e2e3a9967b167b079b3', description='null'}-localhost:27017] INFO  org.mongodb.driver.cluster - Monitor thread successfully connected to server with description ServerDescription{address=localhost:27017, type=STANDALONE, cryptd=false, state=CONNECTED, ok=true, minWireVersion=0, maxWireVersion=21, maxDocumentSize=16777216, logicalSessionTimeoutMinutes=30, roundTripTimeNanos=130412400, minRoundTripTimeNanos=0} [req=]
2025-11-06 12:58:48.626 [restartedMain] INFO  c.l.w.WebfluxTaskManagerAppApplication - Started WebfluxTaskManagerAppApplication in 5.699 seconds (process running for 6.817) [req=]
2025-11-06 12:59:54.650 [nioEventLoopGroup-3-3] INFO  c.l.w.service.WebClientService - Fetching all products [req=]
2025-11-06 13:00:00.018 [lettuce-nioEventLoop-6-1] INFO  c.l.w.controller.WebClientController - Fetched product [req=3c962033-a40a-4462-8d36-6e1203ab0ea9]
2025-11-06 13:00:00.031 [reactor-http-nio-2] INFO  c.l.w.controller.WebClientController - Fetched product [req=3c962033-a40a-4462-8d36-6e1203ab0ea9]
2025-11-06 13:00:00.031 [reactor-http-nio-2] INFO  c.l.w.controller.WebClientController - Fetched product [req=3c962033-a40a-4462-8d36-6e1203ab0ea9]
2025-11-06 13:00:00.032 [reactor-http-nio-2] INFO  c.l.w.controller.WebClientController - Fetched product [req=3c962033-a40a-4462-8d36-6e1203ab0ea9]
2025-11-06 13:00:00.032 [reactor-http-nio-2] INFO  c.l.w.controller.WebClientController - Fetched product [req=3c962033-a40a-4462-8d36-6e1203ab0ea9]
2025-11-06 13:00:00.032 [reactor-http-nio-2] INFO  c.l.w.controller.WebClientController - Fetched product [req=3c962033-a40a-4462-8d36-6e1203ab0ea9]
2025-11-06 13:00:00.033 [reactor-http-nio-2] INFO  c.l.w.controller.WebClientController - Fetched product [req=3c962033-a40a-4462-8d36-6e1203ab0ea9]
2025-11-06 13:00:00.033 [reactor-http-nio-2] INFO  c.l.w.controller.WebClientController - Fetched product [req=3c962033-a40a-4462-8d36-6e1203ab0ea9]
2025-11-06 13:00:00.033 [reactor-http-nio-2] INFO  c.l.w.controller.WebClientController - Fetched product [req=3c962033-a40a-4462-8d36-6e1203ab0ea9]
2025-11-06 13:00:00.034 [reactor-http-nio-2] INFO  c.l.w.controller.WebClientController - Fetched product [req=3c962033-a40a-4462-8d36-6e1203ab0ea9]
2025-11-06 13:00:00.034 [reactor-http-nio-2] INFO  c.l.w.controller.WebClientController - Fetched product [req=3c962033-a40a-4462-8d36-6e1203ab0ea9]
2025-11-06 13:00:00.034 [reactor-http-nio-2] INFO  c.l.w.controller.WebClientController - Fetched product [req=3c962033-a40a-4462-8d36-6e1203ab0ea9]
2025-11-06 13:00:00.034 [reactor-http-nio-2] INFO  c.l.w.controller.WebClientController - Fetched product [req=3c962033-a40a-4462-8d36-6e1203ab0ea9]
2025-11-06 13:00:00.035 [reactor-http-nio-2] INFO  c.l.w.controller.WebClientController - Fetched product [req=3c962033-a40a-4462-8d36-6e1203ab0ea9]
2025-11-06 13:00:00.035 [reactor-http-nio-2] INFO  c.l.w.controller.WebClientController - Fetched product [req=3c962033-a40a-4462-8d36-6e1203ab0ea9]
2025-11-06 13:00:00.035 [reactor-http-nio-2] INFO  c.l.w.controller.WebClientController - Fetched product [req=3c962033-a40a-4462-8d36-6e1203ab0ea9]
2025-11-06 13:00:00.035 [reactor-http-nio-2] INFO  c.l.w.controller.WebClientController - Fetched product [req=3c962033-a40a-4462-8d36-6e1203ab0ea9]
2025-11-06 13:00:00.035 [reactor-http-nio-2] INFO  c.l.w.controller.WebClientController - Fetched product [req=3c962033-a40a-4462-8d36-6e1203ab0ea9]
2025-11-06 13:00:00.036 [reactor-http-nio-2] INFO  c.l.w.controller.WebClientController - Fetched product [req=3c962033-a40a-4462-8d36-6e1203ab0ea9]
2025-11-06 13:00:00.036 [reactor-http-nio-2] INFO  c.l.w.controller.WebClientController - Fetched product [req=3c962033-a40a-4462-8d36-6e1203ab0ea9]
2025-11-06 13:00:00.036 [reactor-http-nio-2] INFO  c.l.w.controller.WebClientController - Completed fetching all products [req=3c962033-a40a-4462-8d36-6e1203ab0ea9]
2025-11-06 13:00:27.071 [nioEventLoopGroup-3-3] INFO  c.l.w.service.WebClientService - Fetching all products [req=]
2025-11-06 13:00:27.130 [lettuce-nioEventLoop-6-1] INFO  c.l.w.controller.WebClientController - Fetched product [req=cc049491-9216-47a8-ade7-d0df813353e5]
2025-11-06 13:00:27.132 [reactor-http-nio-2] INFO  c.l.w.controller.WebClientController - Fetched product [req=cc049491-9216-47a8-ade7-d0df813353e5]
2025-11-06 13:00:27.133 [reactor-http-nio-2] INFO  c.l.w.controller.WebClientController - Fetched product [req=cc049491-9216-47a8-ade7-d0df813353e5]
2025-11-06 13:00:27.133 [reactor-http-nio-2] INFO  c.l.w.controller.WebClientController - Fetched product [req=cc049491-9216-47a8-ade7-d0df813353e5]
2025-11-06 13:00:27.134 [reactor-http-nio-2] INFO  c.l.w.controller.WebClientController - Fetched product [req=cc049491-9216-47a8-ade7-d0df813353e5]
2025-11-06 13:00:27.134 [reactor-http-nio-2] INFO  c.l.w.controller.WebClientController - Fetched product [req=cc049491-9216-47a8-ade7-d0df813353e5]
2025-11-06 13:00:27.135 [reactor-http-nio-2] INFO  c.l.w.controller.WebClientController - Fetched product [req=cc049491-9216-47a8-ade7-d0df813353e5]
2025-11-06 13:00:27.136 [reactor-http-nio-2] INFO  c.l.w.controller.WebClientController - Fetched product [req=cc049491-9216-47a8-ade7-d0df813353e5]
2025-11-06 13:00:27.136 [reactor-http-nio-2] INFO  c.l.w.controller.WebClientController - Fetched product [req=cc049491-9216-47a8-ade7-d0df813353e5]
2025-11-06 13:00:27.137 [reactor-http-nio-2] INFO  c.l.w.controller.WebClientController - Fetched product [req=cc049491-9216-47a8-ade7-d0df813353e5]
2025-11-06 13:00:27.138 [reactor-http-nio-2] INFO  c.l.w.controller.WebClientController - Fetched product [req=cc049491-9216-47a8-ade7-d0df813353e5]
2025-11-06 13:00:27.138 [reactor-http-nio-2] INFO  c.l.w.controller.WebClientController - Fetched product [req=cc049491-9216-47a8-ade7-d0df813353e5]
2025-11-06 13:00:27.139 [reactor-http-nio-2] INFO  c.l.w.controller.WebClientController - Fetched product [req=cc049491-9216-47a8-ade7-d0df813353e5]
2025-11-06 13:00:27.139 [reactor-http-nio-2] INFO  c.l.w.controller.WebClientController - Fetched product [req=cc049491-9216-47a8-ade7-d0df813353e5]
2025-11-06 13:00:27.139 [reactor-http-nio-2] INFO  c.l.w.controller.WebClientController - Fetched product [req=cc049491-9216-47a8-ade7-d0df813353e5]
2025-11-06 13:00:27.140 [reactor-http-nio-2] INFO  c.l.w.controller.WebClientController - Fetched product [req=cc049491-9216-47a8-ade7-d0df813353e5]
2025-11-06 13:00:27.140 [reactor-http-nio-2] INFO  c.l.w.controller.WebClientController - Fetched product [req=cc049491-9216-47a8-ade7-d0df813353e5]
2025-11-06 13:00:27.141 [reactor-http-nio-2] INFO  c.l.w.controller.WebClientController - Fetched product [req=cc049491-9216-47a8-ade7-d0df813353e5]
2025-11-06 13:00:27.141 [reactor-http-nio-2] INFO  c.l.w.controller.WebClientController - Fetched product [req=cc049491-9216-47a8-ade7-d0df813353e5]
2025-11-06 13:00:27.142 [reactor-http-nio-2] INFO  c.l.w.controller.WebClientController - Fetched product [req=cc049491-9216-47a8-ade7-d0df813353e5]
2025-11-06 13:00:27.142 [reactor-http-nio-2] INFO  c.l.w.controller.WebClientController - Completed fetching all products [req=cc049491-9216-47a8-ade7-d0df813353e5]
